<?xml version="1.0" encoding="UTF-8"?>
<testng-results skipped="0" failed="0" total="2" passed="2">
  <reporter-output>
  </reporter-output>
  <suite name="BDD Test Suite" duration-ms="1361" started-at="2019-08-25T11:26:08Z" finished-at="2019-08-25T11:26:09Z">
    <groups>
      <group name="cucumber">
        <method signature="TestRunner.feature(cucumber.api.testng.CucumberFeatureWrapper)[pri:0, instance:managers.TestRunner@4f7d0008]" name="feature" class="managers.TestRunner"/>
      </group> <!-- cucumber -->
    </groups>
    <test name="MediaMonks Rests" duration-ms="1361" started-at="2019-08-25T11:26:08Z" finished-at="2019-08-25T11:26:09Z">
      <class name="managers.TestRunner">
        <test-method status="PASS" signature="setUpClass()[pri:0, instance:managers.TestRunner@4f7d0008]" name="setUpClass" is-config="true" duration-ms="676" started-at="2019-08-25T13:26:08Z" finished-at="2019-08-25T13:26:08Z">
          <reporter-output>
          </reporter-output>
        </test-method> <!-- setUpClass -->
        <test-method status="PASS" signature="feature(cucumber.api.testng.CucumberFeatureWrapper)[pri:0, instance:managers.TestRunner@4f7d0008]" name="feature" duration-ms="75" started-at="2019-08-25T13:26:09Z" description="Runs Cucumber Feature" data-provider="features" finished-at="2019-08-25T13:26:09Z">
          <params>
            <param index="0">
              <value>
                <![CDATA[HomePage Functionalities END to END test]]>
              </value>
            </param>
          </params>
          <reporter-output>
          </reporter-output>
        </test-method> <!-- feature -->
        <test-method status="PASS" signature="feature(cucumber.api.testng.CucumberFeatureWrapper)[pri:0, instance:managers.TestRunner@4f7d0008]" name="feature" duration-ms="9" started-at="2019-08-25T13:26:09Z" description="Runs Cucumber Feature" data-provider="features" finished-at="2019-08-25T13:26:09Z">
          <params>
            <param index="0">
              <value>
                <![CDATA[Login END to END test]]>
              </value>
            </param>
          </params>
          <reporter-output>
          </reporter-output>
        </test-method> <!-- feature -->
        <test-method status="PASS" signature="tearDownClass()[pri:0, instance:managers.TestRunner@4f7d0008]" name="tearDownClass" is-config="true" duration-ms="392" started-at="2019-08-25T13:26:09Z" finished-at="2019-08-25T13:26:09Z">
          <reporter-output>
          </reporter-output>
        </test-method> <!-- tearDownClass -->
      </class> <!-- managers.TestRunner -->
    </test> <!-- MediaMonks Rests -->
  </suite> <!-- BDD Test Suite -->
</testng-results>
